INFO:sim:172 - Generating IP...
Resolving generics for 'ram'...
Applying external generics to 'ram'...
Delivering associated files for 'ram'...
Delivering EJava files for 'ram'...
Generating implementation netlist for 'ram'...
INFO:sim - Pre-processing HDL files for 'ram'...
Running synthesis for 'ram'
Running ngcbuild...
Writing VEO instantiation template for 'ram'...
Writing Verilog behavioral simulation model for 'ram'...
WARNING:sim - Overwriting existing file
   D:/Course/CPU-Design/Multi-cycle-CPU/ipcore_dir/tmp/_cg/ram/doc/blk_mem_gen_v
   7_3_vinfo.html with file from view xilinx_documentation
Delivered 1 file into directory
D:/Course/CPU-Design/Multi-cycle-CPU/ipcore_dir/tmp/_cg/ram
Generating ASY schematic symbol...
INFO:sim:949 - Finished generation of ASY schematic symbol.
Generating SYM schematic symbol for 'ram'...
Generating metadata file...
Generating ISE project file for 'ram'...
Generating ISE project...
XCO file found: ram.xco
XMDF file found: ram_xmdf.tcl
Adding D:/Course/CPU-Design/Multi-cycle-CPU/ipcore_dir/tmp/_cg/ram.asy -view all
-origin_type imported
Adding D:/Course/CPU-Design/Multi-cycle-CPU/ipcore_dir/tmp/_cg/ram.ngc -view all
-origin_type created
Checking file "D:/Course/CPU-Design/Multi-cycle-CPU/ipcore_dir/tmp/_cg/ram.ngc"
for project device match ...
File "D:/Course/CPU-Design/Multi-cycle-CPU/ipcore_dir/tmp/_cg/ram.ngc" device
information matches project device.
Adding D:/Course/CPU-Design/Multi-cycle-CPU/ipcore_dir/tmp/_cg/ram.sym -view all
-origin_type imported
Adding D:/Course/CPU-Design/Multi-cycle-CPU/ipcore_dir/tmp/_cg/ram.v -view all
-origin_type created
INFO:HDLCompiler:1845 - Analyzing Verilog file
   "D:/Course/CPU-Design/Multi-cycle-CPU/ipcore_dir/tmp/_cg/ram.v" into library
   work
INFO:ProjectMgmt - Parsing design hierarchy completed successfully.
Adding D:/Course/CPU-Design/Multi-cycle-CPU/ipcore_dir/tmp/_cg/ram.veo -view all
-origin_type imported
INFO:TclTasksC:2116 - The automatic calculation of top has been turned-off.
   Please set the new top explicitly by running the "project set top" command.
   To re-calculate the new top automatically, set the "Auto Implementation Top"
   property to true.
Top level has been set to "/ram"
Generating README file...
Generating FLIST file...
INFO:sim:948 - Finished FLIST file generation.
Launching README viewer...
Moving files to output directory...
Finished moving files to output directory
Wrote CGP file for project 'ram'.
