--------------------------------------------------------------------------------
Release 14.7 Trace  (nt64)
Copyright (c) 1995-2013 Xilinx, Inc.  All rights reserved.

C:\Xilinx\14.7\ISE_DS\ISE\bin\nt64\unwrapped\trce.exe -intstyle ise -v 3 -s 1
-n 3 -fastpaths -xml top.twx top.ncd -o top.twr top.pcf

Design file:              top.ncd
Physical constraint file: top.pcf
Device,package,speed:     xc7k160t,ffg676,C,-1 (PRODUCTION 1.10 2013-10-13)
Report level:             verbose report

Environment Variable      Effect 
--------------------      ------ 
NONE                      No environment variables were set
--------------------------------------------------------------------------------

INFO:Timing:3412 - To improve timing, see the Timing Closure User Guide (UG612).
INFO:Timing:2752 - To get complete path coverage, use the unconstrained paths 
   option. All paths that are not constrained will be reported in the 
   unconstrained paths section(s) of the report.
INFO:Timing:3339 - The clock-to-out numbers in this timing report are based on 
   a 50 Ohm transmission line loading model.  For the details of this model, 
   and for more information on accounting for different loading conditions, 
   please see the device datasheet.

================================================================================
Timing constraint: TS_CLK_100M = PERIOD TIMEGRP "TM_CLK" 10 ns HIGH 50%;
For more information, see Period Analysis in the Timing Closure User Guide (UG612).

 7733 paths analyzed, 4249 endpoints analyzed, 0 failing endpoints
 0 timing errors detected. (0 setup errors, 0 hold errors, 0 component switching limit errors)
 Minimum period is   5.022ns.
--------------------------------------------------------------------------------

Paths for end point U2/LED_0 (SLICE_X60Y82.SR), 1 path
--------------------------------------------------------------------------------
Slack (setup path):     2.489ns (requirement - (data path - clock path skew + uncertainty))
  Source:               U1/CR (FF)
  Destination:          U2/LED_0 (FF)
  Requirement:          5.000ns
  Data Path Delay:      2.159ns (Levels of Logic = 0)
  Clock Path Skew:      -0.317ns (1.156 - 1.473)
  Source Clock:         clk_IBUF_BUFG rising at 0.000ns
  Destination Clock:    clk_IBUF_BUFG falling at 5.000ns
  Clock Uncertainty:    0.035ns

  Clock Uncertainty:          0.035ns  ((TSJ^2 + TIJ^2)^1/2 + DJ) / 2 + PE
    Total System Jitter (TSJ):  0.070ns
    Total Input Jitter (TIJ):   0.000ns
    Discrete Jitter (DJ):       0.000ns
    Phase Error (PE):           0.000ns

  Maximum Data Path at Slow Process Corner: U1/CR to U2/LED_0
    Location             Delay type         Delay(ns)  Physical Resource
                                                       Logical Resource(s)
    -------------------------------------------------  -------------------
    SLICE_X33Y47.AQ      Tcko                  0.269   rst
                                                       U1/CR
    SLICE_X60Y82.SR      net (fanout=19)       1.637   rst
    SLICE_X60Y82.CLK     Trck                  0.253   U2/LED<3>
                                                       U2/LED_0
    -------------------------------------------------  ---------------------------
    Total                                      2.159ns (0.522ns logic, 1.637ns route)
                                                       (24.2% logic, 75.8% route)

--------------------------------------------------------------------------------

Paths for end point U2/LED_2 (SLICE_X60Y82.SR), 1 path
--------------------------------------------------------------------------------
Slack (setup path):     2.489ns (requirement - (data path - clock path skew + uncertainty))
  Source:               U1/CR (FF)
  Destination:          U2/LED_2 (FF)
  Requirement:          5.000ns
  Data Path Delay:      2.159ns (Levels of Logic = 0)
  Clock Path Skew:      -0.317ns (1.156 - 1.473)
  Source Clock:         clk_IBUF_BUFG rising at 0.000ns
  Destination Clock:    clk_IBUF_BUFG falling at 5.000ns
  Clock Uncertainty:    0.035ns

  Clock Uncertainty:          0.035ns  ((TSJ^2 + TIJ^2)^1/2 + DJ) / 2 + PE
    Total System Jitter (TSJ):  0.070ns
    Total Input Jitter (TIJ):   0.000ns
    Discrete Jitter (DJ):       0.000ns
    Phase Error (PE):           0.000ns

  Maximum Data Path at Slow Process Corner: U1/CR to U2/LED_2
    Location             Delay type         Delay(ns)  Physical Resource
                                                       Logical Resource(s)
    -------------------------------------------------  -------------------
    SLICE_X33Y47.AQ      Tcko                  0.269   rst
                                                       U1/CR
    SLICE_X60Y82.SR      net (fanout=19)       1.637   rst
    SLICE_X60Y82.CLK     Trck                  0.253   U2/LED<3>
                                                       U2/LED_2
    -------------------------------------------------  ---------------------------
    Total                                      2.159ns (0.522ns logic, 1.637ns route)
                                                       (24.2% logic, 75.8% route)

--------------------------------------------------------------------------------

Paths for end point U2/LED_1 (SLICE_X60Y82.SR), 1 path
--------------------------------------------------------------------------------
Slack (setup path):     2.527ns (requirement - (data path - clock path skew + uncertainty))
  Source:               U1/CR (FF)
  Destination:          U2/LED_1 (FF)
  Requirement:          5.000ns
  Data Path Delay:      2.121ns (Levels of Logic = 0)
  Clock Path Skew:      -0.317ns (1.156 - 1.473)
  Source Clock:         clk_IBUF_BUFG rising at 0.000ns
  Destination Clock:    clk_IBUF_BUFG falling at 5.000ns
  Clock Uncertainty:    0.035ns

  Clock Uncertainty:          0.035ns  ((TSJ^2 + TIJ^2)^1/2 + DJ) / 2 + PE
    Total System Jitter (TSJ):  0.070ns
    Total Input Jitter (TIJ):   0.000ns
    Discrete Jitter (DJ):       0.000ns
    Phase Error (PE):           0.000ns

  Maximum Data Path at Slow Process Corner: U1/CR to U2/LED_1
    Location             Delay type         Delay(ns)  Physical Resource
                                                       Logical Resource(s)
    -------------------------------------------------  -------------------
    SLICE_X33Y47.AQ      Tcko                  0.269   rst
                                                       U1/CR
    SLICE_X60Y82.SR      net (fanout=19)       1.637   rst
    SLICE_X60Y82.CLK     Trck                  0.215   U2/LED<3>
                                                       U2/LED_1
    -------------------------------------------------  ---------------------------
    Total                                      2.121ns (0.484ns logic, 1.637ns route)
                                                       (22.8% logic, 77.2% route)

--------------------------------------------------------------------------------

Hold Paths: TS_CLK_100M = PERIOD TIMEGRP "TM_CLK" 10 ns HIGH 50%;
--------------------------------------------------------------------------------

Paths for end point x_memory/ram/U0/xst_blk_mem_generator/gnativebmg.native_blk_mem_gen/valid.cstr/ramloop[0].ram.r/v6_init.ram/NO_BMM_INFO.SP.WIDE_PRIM18.ram (RAMB18_X4Y31.DIADI1), 1 path
--------------------------------------------------------------------------------
Slack (hold path):      0.016ns (requirement - (clock path skew + uncertainty - data path))
  Source:               x_regs/rtContent_1 (FF)
  Destination:          x_memory/ram/U0/xst_blk_mem_generator/gnativebmg.native_blk_mem_gen/valid.cstr/ramloop[0].ram.r/v6_init.ram/NO_BMM_INFO.SP.WIDE_PRIM18.ram (RAM)
  Requirement:          0.000ns
  Data Path Delay:      0.106ns (Levels of Logic = 0)
  Clock Path Skew:      0.090ns (0.375 - 0.285)
  Source Clock:         clk_cpu_BUFG rising at 10.000ns
  Destination Clock:    clk_cpu_BUFG rising at 10.000ns
  Clock Uncertainty:    0.000ns

  Minimum Data Path at Fast Process Corner: x_regs/rtContent_1 to x_memory/ram/U0/xst_blk_mem_generator/gnativebmg.native_blk_mem_gen/valid.cstr/ramloop[0].ram.r/v6_init.ram/NO_BMM_INFO.SP.WIDE_PRIM18.ram
    Location               Delay type         Delay(ns)  Physical Resource
                                                         Logical Resource(s)
    ---------------------------------------------------  -------------------
    SLICE_X74Y72.CQ        Tcko                  0.118   x_regs/rtContent<1>
                                                         x_regs/rtContent_1
    RAMB18_X4Y31.DIADI1    net (fanout=2)        0.284   x_regs/rtContent<1>
    RAMB18_X4Y31.CLKARDCLK Trckd_DIA   (-Th)     0.296   x_memory/ram/U0/xst_blk_mem_generator/gnativebmg.native_blk_mem_gen/valid.cstr/ramloop[0].ram.r/v6_init.ram/NO_BMM_INFO.SP.WIDE_PRIM18.ram
                                                         x_memory/ram/U0/xst_blk_mem_generator/gnativebmg.native_blk_mem_gen/valid.cstr/ramloop[0].ram.r/v6_init.ram/NO_BMM_INFO.SP.WIDE_PRIM18.ram
    ---------------------------------------------------  ---------------------------
    Total                                        0.106ns (-0.178ns logic, 0.284ns route)
                                                         (-167.9% logic, 267.9% route)

--------------------------------------------------------------------------------

Paths for end point x_memory/ram/U0/xst_blk_mem_generator/gnativebmg.native_blk_mem_gen/valid.cstr/ramloop[0].ram.r/v6_init.ram/NO_BMM_INFO.SP.WIDE_PRIM18.ram (RAMB18_X4Y31.DIBDI14), 1 path
--------------------------------------------------------------------------------
Slack (hold path):      0.030ns (requirement - (clock path skew + uncertainty - data path))
  Source:               x_regs/rtContent_30 (FF)
  Destination:          x_memory/ram/U0/xst_blk_mem_generator/gnativebmg.native_blk_mem_gen/valid.cstr/ramloop[0].ram.r/v6_init.ram/NO_BMM_INFO.SP.WIDE_PRIM18.ram (RAM)
  Requirement:          0.000ns
  Data Path Delay:      0.110ns (Levels of Logic = 0)
  Clock Path Skew:      0.080ns (0.372 - 0.292)
  Source Clock:         clk_cpu_BUFG rising at 10.000ns
  Destination Clock:    clk_cpu_BUFG rising at 10.000ns
  Clock Uncertainty:    0.000ns

  Minimum Data Path at Fast Process Corner: x_regs/rtContent_30 to x_memory/ram/U0/xst_blk_mem_generator/gnativebmg.native_blk_mem_gen/valid.cstr/ramloop[0].ram.r/v6_init.ram/NO_BMM_INFO.SP.WIDE_PRIM18.ram
    Location               Delay type         Delay(ns)  Physical Resource
                                                         Logical Resource(s)
    ---------------------------------------------------  -------------------
    SLICE_X74Y84.CQ        Tcko                  0.118   x_regs/rtContent<30>
                                                         x_regs/rtContent_30
    RAMB18_X4Y31.DIBDI14   net (fanout=2)        0.288   x_regs/rtContent<30>
    RAMB18_X4Y31.CLKBWRCLK Trckd_DIB   (-Th)     0.296   x_memory/ram/U0/xst_blk_mem_generator/gnativebmg.native_blk_mem_gen/valid.cstr/ramloop[0].ram.r/v6_init.ram/NO_BMM_INFO.SP.WIDE_PRIM18.ram
                                                         x_memory/ram/U0/xst_blk_mem_generator/gnativebmg.native_blk_mem_gen/valid.cstr/ramloop[0].ram.r/v6_init.ram/NO_BMM_INFO.SP.WIDE_PRIM18.ram
    ---------------------------------------------------  ---------------------------
    Total                                        0.110ns (-0.178ns logic, 0.288ns route)
                                                         (-161.8% logic, 261.8% route)

--------------------------------------------------------------------------------

Paths for end point x_memory/ram/U0/xst_blk_mem_generator/gnativebmg.native_blk_mem_gen/valid.cstr/ramloop[0].ram.r/v6_init.ram/NO_BMM_INFO.SP.WIDE_PRIM18.ram (RAMB18_X4Y31.DIADI10), 1 path
--------------------------------------------------------------------------------
Slack (hold path):      0.086ns (requirement - (clock path skew + uncertainty - data path))
  Source:               x_regs/rtContent_10 (FF)
  Destination:          x_memory/ram/U0/xst_blk_mem_generator/gnativebmg.native_blk_mem_gen/valid.cstr/ramloop[0].ram.r/v6_init.ram/NO_BMM_INFO.SP.WIDE_PRIM18.ram (RAM)
  Requirement:          0.000ns
  Data Path Delay:      0.140ns (Levels of Logic = 0)
  Clock Path Skew:      0.054ns (0.375 - 0.321)
  Source Clock:         clk_cpu_BUFG rising at 10.000ns
  Destination Clock:    clk_cpu_BUFG rising at 10.000ns
  Clock Uncertainty:    0.000ns

  Minimum Data Path at Fast Process Corner: x_regs/rtContent_10 to x_memory/ram/U0/xst_blk_mem_generator/gnativebmg.native_blk_mem_gen/valid.cstr/ramloop[0].ram.r/v6_init.ram/NO_BMM_INFO.SP.WIDE_PRIM18.ram
    Location               Delay type         Delay(ns)  Physical Resource
                                                         Logical Resource(s)
    ---------------------------------------------------  -------------------
    SLICE_X87Y62.CQ        Tcko                  0.100   x_regs/rtContent<10>
                                                         x_regs/rtContent_10
    RAMB18_X4Y31.DIADI10   net (fanout=2)        0.336   x_regs/rtContent<10>
    RAMB18_X4Y31.CLKARDCLK Trckd_DIA   (-Th)     0.296   x_memory/ram/U0/xst_blk_mem_generator/gnativebmg.native_blk_mem_gen/valid.cstr/ramloop[0].ram.r/v6_init.ram/NO_BMM_INFO.SP.WIDE_PRIM18.ram
                                                         x_memory/ram/U0/xst_blk_mem_generator/gnativebmg.native_blk_mem_gen/valid.cstr/ramloop[0].ram.r/v6_init.ram/NO_BMM_INFO.SP.WIDE_PRIM18.ram
    ---------------------------------------------------  ---------------------------
    Total                                        0.140ns (-0.196ns logic, 0.336ns route)
                                                         (-140.0% logic, 240.0% route)

--------------------------------------------------------------------------------

Component Switching Limit Checks: TS_CLK_100M = PERIOD TIMEGRP "TM_CLK" 10 ns HIGH 50%;
--------------------------------------------------------------------------------
Slack: 7.817ns (period - min period limit)
  Period: 10.000ns
  Min period limit: 2.183ns (458.085MHz) (Trper_CLKA)
  Physical resource: x_memory/ram/U0/xst_blk_mem_generator/gnativebmg.native_blk_mem_gen/valid.cstr/ramloop[0].ram.r/v6_init.ram/NO_BMM_INFO.SP.WIDE_PRIM18.ram/CLKARDCLK
  Logical resource: x_memory/ram/U0/xst_blk_mem_generator/gnativebmg.native_blk_mem_gen/valid.cstr/ramloop[0].ram.r/v6_init.ram/NO_BMM_INFO.SP.WIDE_PRIM18.ram/CLKARDCLK
  Location pin: RAMB18_X4Y31.CLKARDCLK
  Clock network: clk_cpu_BUFG
--------------------------------------------------------------------------------
Slack: 7.817ns (period - min period limit)
  Period: 10.000ns
  Min period limit: 2.183ns (458.085MHz) (Trper_CLKA)
  Physical resource: x_memory/ram/U0/xst_blk_mem_generator/gnativebmg.native_blk_mem_gen/valid.cstr/ramloop[0].ram.r/v6_init.ram/NO_BMM_INFO.SP.WIDE_PRIM18.ram/CLKBWRCLK
  Logical resource: x_memory/ram/U0/xst_blk_mem_generator/gnativebmg.native_blk_mem_gen/valid.cstr/ramloop[0].ram.r/v6_init.ram/NO_BMM_INFO.SP.WIDE_PRIM18.ram/CLKBWRCLK
  Location pin: RAMB18_X4Y31.CLKBWRCLK
  Clock network: clk_cpu_BUFG
--------------------------------------------------------------------------------
Slack: 8.400ns (period - min period limit)
  Period: 10.000ns
  Min period limit: 1.600ns (625.000MHz) (Tbcper_I(Fmax))
  Physical resource: clk_cpu_BUFG/I0
  Logical resource: clk_cpu_BUFG/I0
  Location pin: BUFGCTRL_X0Y29.I0
  Clock network: clk_cpu
--------------------------------------------------------------------------------


All constraints were met.


Data Sheet report:
-----------------
All values displayed in nanoseconds (ns)

Clock to Setup on destination clock SW<7>
---------------+---------+---------+---------+---------+
               | Src:Rise| Src:Fall| Src:Rise| Src:Fall|
Source Clock   |Dest:Rise|Dest:Rise|Dest:Fall|Dest:Fall|
---------------+---------+---------+---------+---------+
SW<7>          |    4.317|         |         |         |
clk            |    4.317|         |         |         |
---------------+---------+---------+---------+---------+

Clock to Setup on destination clock clk
---------------+---------+---------+---------+---------+
               | Src:Rise| Src:Fall| Src:Rise| Src:Fall|
Source Clock   |Dest:Rise|Dest:Rise|Dest:Fall|Dest:Fall|
---------------+---------+---------+---------+---------+
SW<7>          |    4.317|         |         |         |
clk            |    4.317|    0.992|    2.511|         |
---------------+---------+---------+---------+---------+


Timing summary:
---------------

Timing errors: 0  Score: 0  (Setup/Max: 0, Hold: 0)

Constraints cover 7733 paths, 0 nets, and 6603 connections

Design statistics:
   Minimum period:   5.022ns{1}   (Maximum frequency: 199.124MHz)


------------------------------------Footnotes-----------------------------------
1)  The minimum period statistic assumes all single cycle delays.

Analysis completed Fri Aug 14 16:58:20 2020 
--------------------------------------------------------------------------------

Trace Settings:
-------------------------
Trace Settings 

Peak Memory Usage: 5054 MB



