--------------------------------------------------------------------------------
Release 14.7 Trace  (nt64)
Copyright (c) 1995-2013 Xilinx, Inc.  All rights reserved.

D:\ISE\14.7\ISE_DS\ISE\bin\nt64\unwrapped\trce.exe -intstyle ise -v 3 -s 2L -n
3 -fastpaths -xml top.twx top.ncd -o top.twr top.pcf

Design file:              top.ncd
Physical constraint file: top.pcf
Device,package,speed:     xc7k325t,ffg676,C,-2L (PRODUCTION 1.10 2013-10-13)
Report level:             verbose report

Environment Variable      Effect 
--------------------      ------ 
NONE                      No environment variables were set
--------------------------------------------------------------------------------

INFO:Timing:3412 - To improve timing, see the Timing Closure User Guide (UG612).
INFO:Timing:2752 - To get complete path coverage, use the unconstrained paths 
   option. All paths that are not constrained will be reported in the 
   unconstrained paths section(s) of the report.
INFO:Timing:3339 - The clock-to-out numbers in this timing report are based on 
   a 50 Ohm transmission line loading model.  For the details of this model, 
   and for more information on accounting for different loading conditions, 
   please see the device datasheet.

================================================================================
Timing constraint: TS_CLKIN = PERIOD TIMEGRP "TM_CLK" 5 ns HIGH 50%;
For more information, see Period Analysis in the Timing Closure User Guide (UG612).

 7733 paths analyzed, 4249 endpoints analyzed, 0 failing endpoints
 0 timing errors detected. (0 setup errors, 0 hold errors, 0 component switching limit errors)
 Minimum period is   4.276ns.
--------------------------------------------------------------------------------

Paths for end point U2/LED_0 (SLICE_X92Y102.SR), 1 path
--------------------------------------------------------------------------------
Slack (setup path):     0.362ns (requirement - (data path - clock path skew + uncertainty))
  Source:               U1/CR (FF)
  Destination:          U2/LED_0 (FF)
  Requirement:          2.500ns
  Data Path Delay:      1.834ns (Levels of Logic = 0)
  Clock Path Skew:      -0.269ns (0.999 - 1.268)
  Source Clock:         clk_BUFG rising at 0.000ns
  Destination Clock:    clk_BUFG falling at 2.500ns
  Clock Uncertainty:    0.035ns

  Clock Uncertainty:          0.035ns  ((TSJ^2 + TIJ^2)^1/2 + DJ) / 2 + PE
    Total System Jitter (TSJ):  0.070ns
    Total Input Jitter (TIJ):   0.000ns
    Discrete Jitter (DJ):       0.000ns
    Phase Error (PE):           0.000ns

  Maximum Data Path at Slow Process Corner: U1/CR to U2/LED_0
    Location             Delay type         Delay(ns)  Physical Resource
                                                       Logical Resource(s)
    -------------------------------------------------  -------------------
    SLICE_X50Y65.BQ      Tcko                  0.259   rst
                                                       U1/CR
    SLICE_X92Y102.SR     net (fanout=19)       1.367   rst
    SLICE_X92Y102.CLK    Trck                  0.208   U2/LED<3>
                                                       U2/LED_0
    -------------------------------------------------  ---------------------------
    Total                                      1.834ns (0.467ns logic, 1.367ns route)
                                                       (25.5% logic, 74.5% route)

--------------------------------------------------------------------------------

Paths for end point U2/LED_2 (SLICE_X92Y102.SR), 1 path
--------------------------------------------------------------------------------
Slack (setup path):     0.362ns (requirement - (data path - clock path skew + uncertainty))
  Source:               U1/CR (FF)
  Destination:          U2/LED_2 (FF)
  Requirement:          2.500ns
  Data Path Delay:      1.834ns (Levels of Logic = 0)
  Clock Path Skew:      -0.269ns (0.999 - 1.268)
  Source Clock:         clk_BUFG rising at 0.000ns
  Destination Clock:    clk_BUFG falling at 2.500ns
  Clock Uncertainty:    0.035ns

  Clock Uncertainty:          0.035ns  ((TSJ^2 + TIJ^2)^1/2 + DJ) / 2 + PE
    Total System Jitter (TSJ):  0.070ns
    Total Input Jitter (TIJ):   0.000ns
    Discrete Jitter (DJ):       0.000ns
    Phase Error (PE):           0.000ns

  Maximum Data Path at Slow Process Corner: U1/CR to U2/LED_2
    Location             Delay type         Delay(ns)  Physical Resource
                                                       Logical Resource(s)
    -------------------------------------------------  -------------------
    SLICE_X50Y65.BQ      Tcko                  0.259   rst
                                                       U1/CR
    SLICE_X92Y102.SR     net (fanout=19)       1.367   rst
    SLICE_X92Y102.CLK    Trck                  0.208   U2/LED<3>
                                                       U2/LED_2
    -------------------------------------------------  ---------------------------
    Total                                      1.834ns (0.467ns logic, 1.367ns route)
                                                       (25.5% logic, 74.5% route)

--------------------------------------------------------------------------------

Paths for end point U2/LED_1 (SLICE_X92Y102.SR), 1 path
--------------------------------------------------------------------------------
Slack (setup path):     0.396ns (requirement - (data path - clock path skew + uncertainty))
  Source:               U1/CR (FF)
  Destination:          U2/LED_1 (FF)
  Requirement:          2.500ns
  Data Path Delay:      1.800ns (Levels of Logic = 0)
  Clock Path Skew:      -0.269ns (0.999 - 1.268)
  Source Clock:         clk_BUFG rising at 0.000ns
  Destination Clock:    clk_BUFG falling at 2.500ns
  Clock Uncertainty:    0.035ns

  Clock Uncertainty:          0.035ns  ((TSJ^2 + TIJ^2)^1/2 + DJ) / 2 + PE
    Total System Jitter (TSJ):  0.070ns
    Total Input Jitter (TIJ):   0.000ns
    Discrete Jitter (DJ):       0.000ns
    Phase Error (PE):           0.000ns

  Maximum Data Path at Slow Process Corner: U1/CR to U2/LED_1
    Location             Delay type         Delay(ns)  Physical Resource
                                                       Logical Resource(s)
    -------------------------------------------------  -------------------
    SLICE_X50Y65.BQ      Tcko                  0.259   rst
                                                       U1/CR
    SLICE_X92Y102.SR     net (fanout=19)       1.367   rst
    SLICE_X92Y102.CLK    Trck                  0.174   U2/LED<3>
                                                       U2/LED_1
    -------------------------------------------------  ---------------------------
    Total                                      1.800ns (0.433ns logic, 1.367ns route)
                                                       (24.1% logic, 75.9% route)

--------------------------------------------------------------------------------

Hold Paths: TS_CLKIN = PERIOD TIMEGRP "TM_CLK" 5 ns HIGH 50%;
--------------------------------------------------------------------------------

Paths for end point x_memory/ram/U0/xst_blk_mem_generator/gnativebmg.native_blk_mem_gen/valid.cstr/ramloop[0].ram.r/v6_init.ram/NO_BMM_INFO.SP.WIDE_PRIM18.ram (RAMB18_X3Y41.DIADI2), 1 path
--------------------------------------------------------------------------------
Slack (hold path):      0.026ns (requirement - (clock path skew + uncertainty - data path))
  Source:               x_regs/rtContent_2 (FF)
  Destination:          x_memory/ram/U0/xst_blk_mem_generator/gnativebmg.native_blk_mem_gen/valid.cstr/ramloop[0].ram.r/v6_init.ram/NO_BMM_INFO.SP.WIDE_PRIM18.ram (RAM)
  Requirement:          0.000ns
  Data Path Delay:      0.203ns (Levels of Logic = 0)
  Clock Path Skew:      0.177ns (0.718 - 0.541)
  Source Clock:         clk_cpu_BUFG rising at 5.000ns
  Destination Clock:    clk_cpu_BUFG rising at 5.000ns
  Clock Uncertainty:    0.000ns

  Minimum Data Path at Fast Process Corner: x_regs/rtContent_2 to x_memory/ram/U0/xst_blk_mem_generator/gnativebmg.native_blk_mem_gen/valid.cstr/ramloop[0].ram.r/v6_init.ram/NO_BMM_INFO.SP.WIDE_PRIM18.ram
    Location               Delay type         Delay(ns)  Physical Resource
                                                         Logical Resource(s)
    ---------------------------------------------------  -------------------
    SLICE_X101Y87.CQ       Tcko                  0.100   x_regs/rtContent<2>
                                                         x_regs/rtContent_2
    RAMB18_X3Y41.DIADI2    net (fanout=2)        0.399   x_regs/rtContent<2>
    RAMB18_X3Y41.CLKARDCLK Trckd_DIA   (-Th)     0.296   x_memory/ram/U0/xst_blk_mem_generator/gnativebmg.native_blk_mem_gen/valid.cstr/ramloop[0].ram.r/v6_init.ram/NO_BMM_INFO.SP.WIDE_PRIM18.ram
                                                         x_memory/ram/U0/xst_blk_mem_generator/gnativebmg.native_blk_mem_gen/valid.cstr/ramloop[0].ram.r/v6_init.ram/NO_BMM_INFO.SP.WIDE_PRIM18.ram
    ---------------------------------------------------  ---------------------------
    Total                                        0.203ns (-0.196ns logic, 0.399ns route)
                                                         (-96.6% logic, 196.6% route)

--------------------------------------------------------------------------------

Paths for end point x_memory/ram/U0/xst_blk_mem_generator/gnativebmg.native_blk_mem_gen/valid.cstr/ramloop[0].ram.r/v6_init.ram/NO_BMM_INFO.SP.WIDE_PRIM18.ram (RAMB18_X3Y41.DIADI10), 1 path
--------------------------------------------------------------------------------
Slack (hold path):      0.027ns (requirement - (clock path skew + uncertainty - data path))
  Source:               x_regs/rtContent_10 (FF)
  Destination:          x_memory/ram/U0/xst_blk_mem_generator/gnativebmg.native_blk_mem_gen/valid.cstr/ramloop[0].ram.r/v6_init.ram/NO_BMM_INFO.SP.WIDE_PRIM18.ram (RAM)
  Requirement:          0.000ns
  Data Path Delay:      0.199ns (Levels of Logic = 0)
  Clock Path Skew:      0.172ns (0.718 - 0.546)
  Source Clock:         clk_cpu_BUFG rising at 5.000ns
  Destination Clock:    clk_cpu_BUFG rising at 5.000ns
  Clock Uncertainty:    0.000ns

  Minimum Data Path at Fast Process Corner: x_regs/rtContent_10 to x_memory/ram/U0/xst_blk_mem_generator/gnativebmg.native_blk_mem_gen/valid.cstr/ramloop[0].ram.r/v6_init.ram/NO_BMM_INFO.SP.WIDE_PRIM18.ram
    Location               Delay type         Delay(ns)  Physical Resource
                                                         Logical Resource(s)
    ---------------------------------------------------  -------------------
    SLICE_X115Y84.CQ       Tcko                  0.100   x_regs/rtContent<10>
                                                         x_regs/rtContent_10
    RAMB18_X3Y41.DIADI10   net (fanout=2)        0.395   x_regs/rtContent<10>
    RAMB18_X3Y41.CLKARDCLK Trckd_DIA   (-Th)     0.296   x_memory/ram/U0/xst_blk_mem_generator/gnativebmg.native_blk_mem_gen/valid.cstr/ramloop[0].ram.r/v6_init.ram/NO_BMM_INFO.SP.WIDE_PRIM18.ram
                                                         x_memory/ram/U0/xst_blk_mem_generator/gnativebmg.native_blk_mem_gen/valid.cstr/ramloop[0].ram.r/v6_init.ram/NO_BMM_INFO.SP.WIDE_PRIM18.ram
    ---------------------------------------------------  ---------------------------
    Total                                        0.199ns (-0.196ns logic, 0.395ns route)
                                                         (-98.5% logic, 198.5% route)

--------------------------------------------------------------------------------

Paths for end point x_memory/ram/U0/xst_blk_mem_generator/gnativebmg.native_blk_mem_gen/valid.cstr/ramloop[0].ram.r/v6_init.ram/NO_BMM_INFO.SP.WIDE_PRIM18.ram (RAMB18_X3Y41.DIADI8), 1 path
--------------------------------------------------------------------------------
Slack (hold path):      0.029ns (requirement - (clock path skew + uncertainty - data path))
  Source:               x_regs/rtContent_8 (FF)
  Destination:          x_memory/ram/U0/xst_blk_mem_generator/gnativebmg.native_blk_mem_gen/valid.cstr/ramloop[0].ram.r/v6_init.ram/NO_BMM_INFO.SP.WIDE_PRIM18.ram (RAM)
  Requirement:          0.000ns
  Data Path Delay:      0.210ns (Levels of Logic = 0)
  Clock Path Skew:      0.181ns (0.718 - 0.537)
  Source Clock:         clk_cpu_BUFG rising at 5.000ns
  Destination Clock:    clk_cpu_BUFG rising at 5.000ns
  Clock Uncertainty:    0.000ns

  Minimum Data Path at Fast Process Corner: x_regs/rtContent_8 to x_memory/ram/U0/xst_blk_mem_generator/gnativebmg.native_blk_mem_gen/valid.cstr/ramloop[0].ram.r/v6_init.ram/NO_BMM_INFO.SP.WIDE_PRIM18.ram
    Location               Delay type         Delay(ns)  Physical Resource
                                                         Logical Resource(s)
    ---------------------------------------------------  -------------------
    SLICE_X106Y77.CQ       Tcko                  0.118   x_regs/rtContent<8>
                                                         x_regs/rtContent_8
    RAMB18_X3Y41.DIADI8    net (fanout=2)        0.388   x_regs/rtContent<8>
    RAMB18_X3Y41.CLKARDCLK Trckd_DIA   (-Th)     0.296   x_memory/ram/U0/xst_blk_mem_generator/gnativebmg.native_blk_mem_gen/valid.cstr/ramloop[0].ram.r/v6_init.ram/NO_BMM_INFO.SP.WIDE_PRIM18.ram
                                                         x_memory/ram/U0/xst_blk_mem_generator/gnativebmg.native_blk_mem_gen/valid.cstr/ramloop[0].ram.r/v6_init.ram/NO_BMM_INFO.SP.WIDE_PRIM18.ram
    ---------------------------------------------------  ---------------------------
    Total                                        0.210ns (-0.178ns logic, 0.388ns route)
                                                         (-84.8% logic, 184.8% route)

--------------------------------------------------------------------------------

Component Switching Limit Checks: TS_CLKIN = PERIOD TIMEGRP "TM_CLK" 5 ns HIGH 50%;
--------------------------------------------------------------------------------
Slack: 3.161ns (period - min period limit)
  Period: 5.000ns
  Min period limit: 1.839ns (543.774MHz) (Trper_CLKA)
  Physical resource: x_memory/ram/U0/xst_blk_mem_generator/gnativebmg.native_blk_mem_gen/valid.cstr/ramloop[0].ram.r/v6_init.ram/NO_BMM_INFO.SP.WIDE_PRIM18.ram/CLKARDCLK
  Logical resource: x_memory/ram/U0/xst_blk_mem_generator/gnativebmg.native_blk_mem_gen/valid.cstr/ramloop[0].ram.r/v6_init.ram/NO_BMM_INFO.SP.WIDE_PRIM18.ram/CLKARDCLK
  Location pin: RAMB18_X3Y41.CLKARDCLK
  Clock network: clk_cpu_BUFG
--------------------------------------------------------------------------------
Slack: 3.161ns (period - min period limit)
  Period: 5.000ns
  Min period limit: 1.839ns (543.774MHz) (Trper_CLKA)
  Physical resource: x_memory/ram/U0/xst_blk_mem_generator/gnativebmg.native_blk_mem_gen/valid.cstr/ramloop[0].ram.r/v6_init.ram/NO_BMM_INFO.SP.WIDE_PRIM18.ram/CLKBWRCLK
  Logical resource: x_memory/ram/U0/xst_blk_mem_generator/gnativebmg.native_blk_mem_gen/valid.cstr/ramloop[0].ram.r/v6_init.ram/NO_BMM_INFO.SP.WIDE_PRIM18.ram/CLKBWRCLK
  Location pin: RAMB18_X3Y41.CLKBWRCLK
  Clock network: clk_cpu_BUFG
--------------------------------------------------------------------------------
Slack: 3.591ns (period - min period limit)
  Period: 5.000ns
  Min period limit: 1.409ns (709.723MHz) (Tbcper_I(Fmax))
  Physical resource: clk_cpu_BUFG/I0
  Logical resource: clk_cpu_BUFG/I0
  Location pin: BUFGCTRL_X0Y29.I0
  Clock network: clk_cpu
--------------------------------------------------------------------------------


All constraints were met.


Data Sheet report:
-----------------
All values displayed in nanoseconds (ns)

Clock to Setup on destination clock CLK_200M_N
---------------+---------+---------+---------+---------+
               | Src:Rise| Src:Fall| Src:Rise| Src:Fall|
Source Clock   |Dest:Rise|Dest:Rise|Dest:Fall|Dest:Fall|
---------------+---------+---------+---------+---------+
CLK_200M_N     |    3.996|    1.022|    2.138|         |
CLK_200M_P     |    3.996|    1.022|    2.138|         |
SW<7>          |    3.709|         |         |         |
---------------+---------+---------+---------+---------+

Clock to Setup on destination clock CLK_200M_P
---------------+---------+---------+---------+---------+
               | Src:Rise| Src:Fall| Src:Rise| Src:Fall|
Source Clock   |Dest:Rise|Dest:Rise|Dest:Fall|Dest:Fall|
---------------+---------+---------+---------+---------+
CLK_200M_N     |    3.996|    1.022|    2.138|         |
CLK_200M_P     |    3.996|    1.022|    2.138|         |
SW<7>          |    3.709|         |         |         |
---------------+---------+---------+---------+---------+

Clock to Setup on destination clock SW<7>
---------------+---------+---------+---------+---------+
               | Src:Rise| Src:Fall| Src:Rise| Src:Fall|
Source Clock   |Dest:Rise|Dest:Rise|Dest:Fall|Dest:Fall|
---------------+---------+---------+---------+---------+
CLK_200M_N     |    3.709|         |         |         |
CLK_200M_P     |    3.709|         |         |         |
SW<7>          |    3.709|         |         |         |
---------------+---------+---------+---------+---------+


Timing summary:
---------------

Timing errors: 0  Score: 0  (Setup/Max: 0, Hold: 0)

Constraints cover 7733 paths, 0 nets, and 6604 connections

Design statistics:
   Minimum period:   4.276ns{1}   (Maximum frequency: 233.863MHz)


------------------------------------Footnotes-----------------------------------
1)  The minimum period statistic assumes all single cycle delays.

Analysis completed Sat Oct 17 15:14:35 2020 
--------------------------------------------------------------------------------

Trace Settings:
-------------------------
Trace Settings 

Peak Memory Usage: 5285 MB



